<?xml version="1.0" encoding="UTF-8"?>
<!-- Generated by org.testng.reporters.JUnitXMLReporter -->
<testsuite hostname="home" ignored="0" name="Test" tests="8" failures="0" timestamp="15 May 2018 05:27:10 GMT" time="54.447" errors="0">
  <testcase name="login" time="0.011" classname="pack1.C9"/>
  <testcase name="login" time="0.003" classname="pack1.C9"/>
  <testcase name="login" time="0.003" classname="pack1.C9"/>
  <testcase name="login" time="0.003" classname="pack1.C9"/>
  <testcase name="login" time="15.16" classname="pack1.TC1_Login2"/>
  <testcase name="login" time="12.986" classname="pack1.TC1_Login2"/>
  <testcase name="login" time="13.144" classname="pack1.TC1_Login2"/>
  <testcase name="login" time="12.755" classname="pack1.TC1_Login2"/>
</testsuite> <!-- Test -->
